<?xml version="1.0" encoding="UTF-8"?>
<testng-results ignored="0" total="1" passed="1" failed="0" skipped="0">
  <reporter-output>
  </reporter-output>
  <suite started-at="2022-04-27T14:01:08 IST" name="myntraShop" finished-at="2022-04-27T14:01:26 IST" duration-ms="18059">
    <groups>
    </groups>
    <test started-at="2022-04-27T14:01:08 IST" name="myntraShopT1" finished-at="2022-04-27T14:01:26 IST" duration-ms="18059">
      <class name="com.myntraShop.testCases.TC01_HomePageToLoginPage">
        <test-method is-config="true" signature="setup(java.lang.String)[pri:0, instance:com.myntraShop.testCases.TC01_HomePageToLoginPage@503f91c3]" started-at="2022-04-27T14:01:08 IST" name="setup" finished-at="2022-04-27T14:01:19 IST" duration-ms="10963" status="PASS">
          <params>
            <param index="0">
              <value>
                <![CDATA[chrome]]>
              </value>
            </param>
          </params>
          <reporter-output>
          </reporter-output>
        </test-method> <!-- setup -->
        <test-method signature="WelcomeToLoginPage()[pri:0, instance:com.myntraShop.testCases.TC01_HomePageToLoginPage@503f91c3]" started-at="2022-04-27T14:01:19 IST" name="WelcomeToLoginPage" finished-at="2022-04-27T14:01:26 IST" duration-ms="6720" status="PASS">
          <reporter-output>
          </reporter-output>
        </test-method> <!-- WelcomeToLoginPage -->
        <test-method is-config="true" signature="tearDown()[pri:0, instance:com.myntraShop.testCases.TC01_HomePageToLoginPage@503f91c3]" started-at="2022-04-27T14:01:26 IST" name="tearDown" finished-at="2022-04-27T14:01:26 IST" duration-ms="338" status="PASS">
          <reporter-output>
          </reporter-output>
        </test-method> <!-- tearDown -->
      </class> <!-- com.myntraShop.testCases.TC01_HomePageToLoginPage -->
    </test> <!-- myntraShopT1 -->
  </suite> <!-- myntraShop -->
</testng-results>
